/var/folders/br/kqx4wrcd4yn6zmk5jlrz9r7c0000gn/T/tmplaiiow21/dolfin_expression_e67f179449cfc70c268c0e553d8d70e9.cpp:61:56: warning: treating Unicode character as whitespace [-Wunicode-whitespace]
          values[0] = y[0] /pow(1,alpha)*sin(1*pi*x[0])　+ y[1]/pow(1,alpha)*sin(2*pi*x[0])　+ y[2]/pow(2,alpha)*sin(3*pi*x[0])　+ y[3]/pow(3,alpha)*sin(4*pi*x[0])　+ y[4]/pow(4,alpha)*sin(5*pi*x[0])　+ y[5]/pow(5,alpha)*sin(6*pi*x[0])　+ y[6]/pow(6,alpha)*sin(7*pi*x[0])　+ y[7]/pow(7,alpha)*sin(8*pi*x[0])　+ y[8]/pow(8,alpha)*sin(9*pi*x[0])　+ y[9]/pow(9,alpha)*sin(10*pi*x[0])　+ y[10]/pow(10,alpha)*sin(11*pi*x[0]);
                                                       ^~
/var/folders/br/kqx4wrcd4yn6zmk5jlrz9r7c0000gn/T/tmplaiiow21/dolfin_expression_e67f179449cfc70c268c0e553d8d70e9.cpp:61:93: warning: treating Unicode character as whitespace [-Wunicode-whitespace]
          values[0] = y[0] /pow(1,alpha)*sin(1*pi*x[0])　+ y[1]/pow(1,alpha)*sin(2*pi*x[0])　+ y[2]/pow(2,alpha)*sin(3*pi*x[0])　+ y[3]/pow(3,alpha)*sin(4*pi*x[0])　+ y[4]/pow(4,alpha)*sin(5*pi*x[0])　+ y[5]/pow(5,alpha)*sin(6*pi*x[0])　+ y[6]/pow(6,alpha)*sin(7*pi*x[0])　+ y[7]/pow(7,alpha)*sin(8*pi*x[0])　+ y[8]/pow(8,alpha)*sin(9*pi*x[0])　+ y[9]/pow(9,alpha)*sin(10*pi*x[0])　+ y[10]/pow(10,alpha)*sin(11*pi*x[0]);
                                                                                           ^~
/var/folders/br/kqx4wrcd4yn6zmk5jlrz9r7c0000gn/T/tmplaiiow21/dolfin_expression_e67f179449cfc70c268c0e553d8d70e9.cpp:61:130: warning: treating Unicode character as whitespace [-Wunicode-whitespace]
          values[0] = y[0] /pow(1,alpha)*sin(1*pi*x[0])　+ y[1]/pow(1,alpha)*sin(2*pi*x[0])　+ y[2]/pow(2,alpha)*sin(3*pi*x[0])　+ y[3]/pow(3,alpha)*sin(4*pi*x[0])　+ y[4]/pow(4,alpha)*sin(5*pi*x[0])　+ y[5]/pow(5,alpha)*sin(6*pi*x[0])　+ y[6]/pow(6,alpha)*sin(7*pi*x[0])　+ y[7]/pow(7,alpha)*sin(8*pi*x[0])　+ y[8]/pow(8,alpha)*sin(9*pi*x[0])　+ y[9]/pow(9,alpha)*sin(10*pi*x[0])　+ y[10]/pow(10,alpha)*sin(11*pi*x[0]);
                                                                                                                               ^~
/var/folders/br/kqx4wrcd4yn6zmk5jlrz9r7c0000gn/T/tmplaiiow21/dolfin_expression_e67f179449cfc70c268c0e553d8d70e9.cpp:61:167: warning: treating Unicode character as whitespace [-Wunicode-whitespace]
          values[0] = y[0] /pow(1,alpha)*sin(1*pi*x[0])　+ y[1]/pow(1,alpha)*sin(2*pi*x[0])　+ y[2]/pow(2,alpha)*sin(3*pi*x[0])　+ y[3]/pow(3,alpha)*sin(4*pi*x[0])　+ y[4]/pow(4,alpha)*sin(5*pi*x[0])　+ y[5]/pow(5,alpha)*sin(6*pi*x[0])　+ y[6]/pow(6,alpha)*sin(7*pi*x[0])　+ y[7]/pow(7,alpha)*sin(8*pi*x[0])　+ y[8]/pow(8,alpha)*sin(9*pi*x[0])　+ y[9]/pow(9,alpha)*sin(10*pi*x[0])　+ y[10]/pow(10,alpha)*sin(11*pi*x[0]);
                                                                                                                                                                   ^~
/var/folders/br/kqx4wrcd4yn6zmk5jlrz9r7c0000gn/T/tmplaiiow21/dolfin_expression_e67f179449cfc70c268c0e553d8d70e9.cpp:61:204: warning: treating Unicode character as whitespace [-Wunicode-whitespace]
          values[0] = y[0] /pow(1,alpha)*sin(1*pi*x[0])　+ y[1]/pow(1,alpha)*sin(2*pi*x[0])　+ y[2]/pow(2,alpha)*sin(3*pi*x[0])　+ y[3]/pow(3,alpha)*sin(4*pi*x[0])　+ y[4]/pow(4,alpha)*sin(5*pi*x[0])　+ y[5]/pow(5,alpha)*sin(6*pi*x[0])　+ y[6]/pow(6,alpha)*sin(7*pi*x[0])　+ y[7]/pow(7,alpha)*sin(8*pi*x[0])　+ y[8]/pow(8,alpha)*sin(9*pi*x[0])　+ y[9]/pow(9,alpha)*sin(10*pi*x[0])　+ y[10]/pow(10,alpha)*sin(11*pi*x[0]);
                                                                                                                                                                                                       ^~
/var/folders/br/kqx4wrcd4yn6zmk5jlrz9r7c0000gn/T/tmplaiiow21/dolfin_expression_e67f179449cfc70c268c0e553d8d70e9.cpp:61:241: warning: treating Unicode character as whitespace [-Wunicode-whitespace]
          values[0] = y[0] /pow(1,alpha)*sin(1*pi*x[0])　+ y[1]/pow(1,alpha)*sin(2*pi*x[0])　+ y[2]/pow(2,alpha)*sin(3*pi*x[0])　+ y[3]/pow(3,alpha)*sin(4*pi*x[0])　+ y[4]/pow(4,alpha)*sin(5*pi*x[0])　+ y[5]/pow(5,alpha)*sin(6*pi*x[0])　+ y[6]/pow(6,alpha)*sin(7*pi*x[0])　+ y[7]/pow(7,alpha)*sin(8*pi*x[0])　+ y[8]/pow(8,alpha)*sin(9*pi*x[0])　+ y[9]/pow(9,alpha)*sin(10*pi*x[0])　+ y[10]/pow(10,alpha)*sin(11*pi*x[0]);
                                                                                                                                                                                                                                           ^~
/var/folders/br/kqx4wrcd4yn6zmk5jlrz9r7c0000gn/T/tmplaiiow21/dolfin_expression_e67f179449cfc70c268c0e553d8d70e9.cpp:61:278: warning: treating Unicode character as whitespace [-Wunicode-whitespace]
          values[0] = y[0] /pow(1,alpha)*sin(1*pi*x[0])　+ y[1]/pow(1,alpha)*sin(2*pi*x[0])　+ y[2]/pow(2,alpha)*sin(3*pi*x[0])　+ y[3]/pow(3,alpha)*sin(4*pi*x[0])　+ y[4]/pow(4,alpha)*sin(5*pi*x[0])　+ y[5]/pow(5,alpha)*sin(6*pi*x[0])　+ y[6]/pow(6,alpha)*sin(7*pi*x[0])　+ y[7]/pow(7,alpha)*sin(8*pi*x[0])　+ y[8]/pow(8,alpha)*sin(9*pi*x[0])　+ y[9]/pow(9,alpha)*sin(10*pi*x[0])　+ y[10]/pow(10,alpha)*sin(11*pi*x[0]);
                                                                                                                                                                                                                                                                               ^~
/var/folders/br/kqx4wrcd4yn6zmk5jlrz9r7c0000gn/T/tmplaiiow21/dolfin_expression_e67f179449cfc70c268c0e553d8d70e9.cpp:61:315: warning: treating Unicode character as whitespace [-Wunicode-whitespace]
          values[0] = y[0] /pow(1,alpha)*sin(1*pi*x[0])　+ y[1]/pow(1,alpha)*sin(2*pi*x[0])　+ y[2]/pow(2,alpha)*sin(3*pi*x[0])　+ y[3]/pow(3,alpha)*sin(4*pi*x[0])　+ y[4]/pow(4,alpha)*sin(5*pi*x[0])　+ y[5]/pow(5,alpha)*sin(6*pi*x[0])　+ y[6]/pow(6,alpha)*sin(7*pi*x[0])　+ y[7]/pow(7,alpha)*sin(8*pi*x[0])　+ y[8]/pow(8,alpha)*sin(9*pi*x[0])　+ y[9]/pow(9,alpha)*sin(10*pi*x[0])　+ y[10]/pow(10,alpha)*sin(11*pi*x[0]);
                                                                                                                                                                                                                                                                                                                   ^~
/var/folders/br/kqx4wrcd4yn6zmk5jlrz9r7c0000gn/T/tmplaiiow21/dolfin_expression_e67f179449cfc70c268c0e553d8d70e9.cpp:61:352: warning: treating Unicode character as whitespace [-Wunicode-whitespace]
          values[0] = y[0] /pow(1,alpha)*sin(1*pi*x[0])　+ y[1]/pow(1,alpha)*sin(2*pi*x[0])　+ y[2]/pow(2,alpha)*sin(3*pi*x[0])　+ y[3]/pow(3,alpha)*sin(4*pi*x[0])　+ y[4]/pow(4,alpha)*sin(5*pi*x[0])　+ y[5]/pow(5,alpha)*sin(6*pi*x[0])　+ y[6]/pow(6,alpha)*sin(7*pi*x[0])　+ y[7]/pow(7,alpha)*sin(8*pi*x[0])　+ y[8]/pow(8,alpha)*sin(9*pi*x[0])　+ y[9]/pow(9,alpha)*sin(10*pi*x[0])　+ y[10]/pow(10,alpha)*sin(11*pi*x[0]);
                                                                                                                                                                                                                                                                                                                                                       ^~
/var/folders/br/kqx4wrcd4yn6zmk5jlrz9r7c0000gn/T/tmplaiiow21/dolfin_expression_e67f179449cfc70c268c0e553d8d70e9.cpp:61:390: warning: treating Unicode character as whitespace [-Wunicode-whitespace]
          values[0] = y[0] /pow(1,alpha)*sin(1*pi*x[0])　+ y[1]/pow(1,alpha)*sin(2*pi*x[0])　+ y[2]/pow(2,alpha)*sin(3*pi*x[0])　+ y[3]/pow(3,alpha)*sin(4*pi*x[0])　+ y[4]/pow(4,alpha)*sin(5*pi*x[0])　+ y[5]/pow(5,alpha)*sin(6*pi*x[0])　+ y[6]/pow(6,alpha)*sin(7*pi*x[0])　+ y[7]/pow(7,alpha)*sin(8*pi*x[0])　+ y[8]/pow(8,alpha)*sin(9*pi*x[0])　+ y[9]/pow(9,alpha)*sin(10*pi*x[0])　+ y[10]/pow(10,alpha)*sin(11*pi*x[0]);
                                                                                                                                                                                                                                                                                                                                                                                            ^~
/var/folders/br/kqx4wrcd4yn6zmk5jlrz9r7c0000gn/T/tmplaiiow21/dolfin_expression_e67f179449cfc70c268c0e553d8d70e9.cpp:61:23: error: use of undeclared identifier 'y'
          values[0] = y[0] /pow(1,alpha)*sin(1*pi*x[0])　+ y[1]/pow(1,alpha)*sin(2*pi*x[0])　+ y[2]/pow(2,alpha)*sin(3*pi*x[0])　+ y[3]/pow(3,alpha)*sin(4*pi*x[0])　+ y[4]/pow(4,alpha)*sin(5*pi*x[0])　+ y[5]/pow(5,alpha)*sin(6*pi*x[0])　+ y[6]/pow(6,alpha)*sin(7*pi*x[0])　+ y[7]/pow(7,alpha)*sin(8*pi*x[0])　+ y[8]/pow(8,alpha)*sin(9*pi*x[0])　+ y[9]/pow(9,alpha)*sin(10*pi*x[0])　+ y[10]/pow(10,alpha)*sin(11*pi*x[0]);
                      ^
/var/folders/br/kqx4wrcd4yn6zmk5jlrz9r7c0000gn/T/tmplaiiow21/dolfin_expression_e67f179449cfc70c268c0e553d8d70e9.cpp:61:35: error: use of undeclared identifier 'alpha'; did you mean 'std::ctype_base::alpha'?
          values[0] = y[0] /pow(1,alpha)*sin(1*pi*x[0])　+ y[1]/pow(1,alpha)*sin(2*pi*x[0])　+ y[2]/pow(2,alpha)*sin(3*pi*x[0])　+ y[3]/pow(3,alpha)*sin(4*pi*x[0])　+ y[4]/pow(4,alpha)*sin(5*pi*x[0])　+ y[5]/pow(5,alpha)*sin(6*pi*x[0])　+ y[6]/pow(6,alpha)*sin(7*pi*x[0])　+ y[7]/pow(7,alpha)*sin(8*pi*x[0])　+ y[8]/pow(8,alpha)*sin(9*pi*x[0])　+ y[9]/pow(9,alpha)*sin(10*pi*x[0])　+ y[10]/pow(10,alpha)*sin(11*pi*x[0]);
                                  ^~~~~
                                  std::ctype_base::alpha
/Users/naoki/miniconda3/envs/fenicsproject/bin/../include/c++/v1/__locale:471:23: note: 'std::ctype_base::alpha' declared here
    static const mask alpha  = _CTYPE_A;
                      ^
/var/folders/br/kqx4wrcd4yn6zmk5jlrz9r7c0000gn/T/tmplaiiow21/dolfin_expression_e67f179449cfc70c268c0e553d8d70e9.cpp:61:61: error: use of undeclared identifier 'y'
          values[0] = y[0] /pow(1,alpha)*sin(1*pi*x[0])　+ y[1]/pow(1,alpha)*sin(2*pi*x[0])　+ y[2]/pow(2,alpha)*sin(3*pi*x[0])　+ y[3]/pow(3,alpha)*sin(4*pi*x[0])　+ y[4]/pow(4,alpha)*sin(5*pi*x[0])　+ y[5]/pow(5,alpha)*sin(6*pi*x[0])　+ y[6]/pow(6,alpha)*sin(7*pi*x[0])　+ y[7]/pow(7,alpha)*sin(8*pi*x[0])　+ y[8]/pow(8,alpha)*sin(9*pi*x[0])　+ y[9]/pow(9,alpha)*sin(10*pi*x[0])　+ y[10]/pow(10,alpha)*sin(11*pi*x[0]);
                                                           ^
/var/folders/br/kqx4wrcd4yn6zmk5jlrz9r7c0000gn/T/tmplaiiow21/dolfin_expression_e67f179449cfc70c268c0e553d8d70e9.cpp:61:72: error: use of undeclared identifier 'alpha'; did you mean 'std::ctype_base::alpha'?
          values[0] = y[0] /pow(1,alpha)*sin(1*pi*x[0])　+ y[1]/pow(1,alpha)*sin(2*pi*x[0])　+ y[2]/pow(2,alpha)*sin(3*pi*x[0])　+ y[3]/pow(3,alpha)*sin(4*pi*x[0])　+ y[4]/pow(4,alpha)*sin(5*pi*x[0])　+ y[5]/pow(5,alpha)*sin(6*pi*x[0])　+ y[6]/pow(6,alpha)*sin(7*pi*x[0])　+ y[7]/pow(7,alpha)*sin(8*pi*x[0])　+ y[8]/pow(8,alpha)*sin(9*pi*x[0])　+ y[9]/pow(9,alpha)*sin(10*pi*x[0])　+ y[10]/pow(10,alpha)*sin(11*pi*x[0]);
                                                                      ^~~~~
                                                                      std::ctype_base::alpha
/Users/naoki/miniconda3/envs/fenicsproject/bin/../include/c++/v1/__locale:471:23: note: 'std::ctype_base::alpha' declared here
    static const mask alpha  = _CTYPE_A;
                      ^
/var/folders/br/kqx4wrcd4yn6zmk5jlrz9r7c0000gn/T/tmplaiiow21/dolfin_expression_e67f179449cfc70c268c0e553d8d70e9.cpp:61:98: error: use of undeclared identifier 'y'
          values[0] = y[0] /pow(1,alpha)*sin(1*pi*x[0])　+ y[1]/pow(1,alpha)*sin(2*pi*x[0])　+ y[2]/pow(2,alpha)*sin(3*pi*x[0])　+ y[3]/pow(3,alpha)*sin(4*pi*x[0])　+ y[4]/pow(4,alpha)*sin(5*pi*x[0])　+ y[5]/pow(5,alpha)*sin(6*pi*x[0])　+ y[6]/pow(6,alpha)*sin(7*pi*x[0])　+ y[7]/pow(7,alpha)*sin(8*pi*x[0])　+ y[8]/pow(8,alpha)*sin(9*pi*x[0])　+ y[9]/pow(9,alpha)*sin(10*pi*x[0])　+ y[10]/pow(10,alpha)*sin(11*pi*x[0]);
                                                                                               ^
/var/folders/br/kqx4wrcd4yn6zmk5jlrz9r7c0000gn/T/tmplaiiow21/dolfin_expression_e67f179449cfc70c268c0e553d8d70e9.cpp:61:109: error: use of undeclared identifier 'alpha'; did you mean 'std::ctype_base::alpha'?
          values[0] = y[0] /pow(1,alpha)*sin(1*pi*x[0])　+ y[1]/pow(1,alpha)*sin(2*pi*x[0])　+ y[2]/pow(2,alpha)*sin(3*pi*x[0])　+ y[3]/pow(3,alpha)*sin(4*pi*x[0])　+ y[4]/pow(4,alpha)*sin(5*pi*x[0])　+ y[5]/pow(5,alpha)*sin(6*pi*x[0])　+ y[6]/pow(6,alpha)*sin(7*pi*x[0])　+ y[7]/pow(7,alpha)*sin(8*pi*x[0])　+ y[8]/pow(8,alpha)*sin(9*pi*x[0])　+ y[9]/pow(9,alpha)*sin(10*pi*x[0])　+ y[10]/pow(10,alpha)*sin(11*pi*x[0]);
                                                                                                          ^~~~~
                                                                                                          std::ctype_base::alpha
/Users/naoki/miniconda3/envs/fenicsproject/bin/../include/c++/v1/__locale:471:23: note: 'std::ctype_base::alpha' declared here
    static const mask alpha  = _CTYPE_A;
                      ^
/var/folders/br/kqx4wrcd4yn6zmk5jlrz9r7c0000gn/T/tmplaiiow21/dolfin_expression_e67f179449cfc70c268c0e553d8d70e9.cpp:61:135: error: use of undeclared identifier 'y'
          values[0] = y[0] /pow(1,alpha)*sin(1*pi*x[0])　+ y[1]/pow(1,alpha)*sin(2*pi*x[0])　+ y[2]/pow(2,alpha)*sin(3*pi*x[0])　+ y[3]/pow(3,alpha)*sin(4*pi*x[0])　+ y[4]/pow(4,alpha)*sin(5*pi*x[0])　+ y[5]/pow(5,alpha)*sin(6*pi*x[0])　+ y[6]/pow(6,alpha)*sin(7*pi*x[0])　+ y[7]/pow(7,alpha)*sin(8*pi*x[0])　+ y[8]/pow(8,alpha)*sin(9*pi*x[0])　+ y[9]/pow(9,alpha)*sin(10*pi*x[0])　+ y[10]/pow(10,alpha)*sin(11*pi*x[0]);
                                                                                                                                   ^
/var/folders/br/kqx4wrcd4yn6zmk5jlrz9r7c0000gn/T/tmplaiiow21/dolfin_expression_e67f179449cfc70c268c0e553d8d70e9.cpp:61:146: error: use of undeclared identifier 'alpha'; did you mean 'std::ctype_base::alpha'?
          values[0] = y[0] /pow(1,alpha)*sin(1*pi*x[0])　+ y[1]/pow(1,alpha)*sin(2*pi*x[0])　+ y[2]/pow(2,alpha)*sin(3*pi*x[0])　+ y[3]/pow(3,alpha)*sin(4*pi*x[0])　+ y[4]/pow(4,alpha)*sin(5*pi*x[0])　+ y[5]/pow(5,alpha)*sin(6*pi*x[0])　+ y[6]/pow(6,alpha)*sin(7*pi*x[0])　+ y[7]/pow(7,alpha)*sin(8*pi*x[0])　+ y[8]/pow(8,alpha)*sin(9*pi*x[0])　+ y[9]/pow(9,alpha)*sin(10*pi*x[0])　+ y[10]/pow(10,alpha)*sin(11*pi*x[0]);
                                                                                                                                              ^~~~~
                                                                                                                                              std::ctype_base::alpha
/Users/naoki/miniconda3/envs/fenicsproject/bin/../include/c++/v1/__locale:471:23: note: 'std::ctype_base::alpha' declared here
    static const mask alpha  = _CTYPE_A;
                      ^
/var/folders/br/kqx4wrcd4yn6zmk5jlrz9r7c0000gn/T/tmplaiiow21/dolfin_expression_e67f179449cfc70c268c0e553d8d70e9.cpp:61:172: error: use of undeclared identifier 'y'
          values[0] = y[0] /pow(1,alpha)*sin(1*pi*x[0])　+ y[1]/pow(1,alpha)*sin(2*pi*x[0])　+ y[2]/pow(2,alpha)*sin(3*pi*x[0])　+ y[3]/pow(3,alpha)*sin(4*pi*x[0])　+ y[4]/pow(4,alpha)*sin(5*pi*x[0])　+ y[5]/pow(5,alpha)*sin(6*pi*x[0])　+ y[6]/pow(6,alpha)*sin(7*pi*x[0])　+ y[7]/pow(7,alpha)*sin(8*pi*x[0])　+ y[8]/pow(8,alpha)*sin(9*pi*x[0])　+ y[9]/pow(9,alpha)*sin(10*pi*x[0])　+ y[10]/pow(10,alpha)*sin(11*pi*x[0]);
                                                                                                                                                                       ^
/var/folders/br/kqx4wrcd4yn6zmk5jlrz9r7c0000gn/T/tmplaiiow21/dolfin_expression_e67f179449cfc70c268c0e553d8d70e9.cpp:61:183: error: use of undeclared identifier 'alpha'; did you mean 'std::ctype_base::alpha'?
          values[0] = y[0] /pow(1,alpha)*sin(1*pi*x[0])　+ y[1]/pow(1,alpha)*sin(2*pi*x[0])　+ y[2]/pow(2,alpha)*sin(3*pi*x[0])　+ y[3]/pow(3,alpha)*sin(4*pi*x[0])　+ y[4]/pow(4,alpha)*sin(5*pi*x[0])　+ y[5]/pow(5,alpha)*sin(6*pi*x[0])　+ y[6]/pow(6,alpha)*sin(7*pi*x[0])　+ y[7]/pow(7,alpha)*sin(8*pi*x[0])　+ y[8]/pow(8,alpha)*sin(9*pi*x[0])　+ y[9]/pow(9,alpha)*sin(10*pi*x[0])　+ y[10]/pow(10,alpha)*sin(11*pi*x[0]);
                                                                                                                                                                                  ^~~~~
                                                                                                                                                                                  std::ctype_base::alpha
/Users/naoki/miniconda3/envs/fenicsproject/bin/../include/c++/v1/__locale:471:23: note: 'std::ctype_base::alpha' declared here
    static const mask alpha  = _CTYPE_A;
                      ^
/var/folders/br/kqx4wrcd4yn6zmk5jlrz9r7c0000gn/T/tmplaiiow21/dolfin_expression_e67f179449cfc70c268c0e553d8d70e9.cpp:61:209: error: use of undeclared identifier 'y'
          values[0] = y[0] /pow(1,alpha)*sin(1*pi*x[0])　+ y[1]/pow(1,alpha)*sin(2*pi*x[0])　+ y[2]/pow(2,alpha)*sin(3*pi*x[0])　+ y[3]/pow(3,alpha)*sin(4*pi*x[0])　+ y[4]/pow(4,alpha)*sin(5*pi*x[0])　+ y[5]/pow(5,alpha)*sin(6*pi*x[0])　+ y[6]/pow(6,alpha)*sin(7*pi*x[0])　+ y[7]/pow(7,alpha)*sin(8*pi*x[0])　+ y[8]/pow(8,alpha)*sin(9*pi*x[0])　+ y[9]/pow(9,alpha)*sin(10*pi*x[0])　+ y[10]/pow(10,alpha)*sin(11*pi*x[0]);
                                                                                                                                                                                                           ^
/var/folders/br/kqx4wrcd4yn6zmk5jlrz9r7c0000gn/T/tmplaiiow21/dolfin_expression_e67f179449cfc70c268c0e553d8d70e9.cpp:61:220: error: use of undeclared identifier 'alpha'; did you mean 'std::ctype_base::alpha'?
          values[0] = y[0] /pow(1,alpha)*sin(1*pi*x[0])　+ y[1]/pow(1,alpha)*sin(2*pi*x[0])　+ y[2]/pow(2,alpha)*sin(3*pi*x[0])　+ y[3]/pow(3,alpha)*sin(4*pi*x[0])　+ y[4]/pow(4,alpha)*sin(5*pi*x[0])　+ y[5]/pow(5,alpha)*sin(6*pi*x[0])　+ y[6]/pow(6,alpha)*sin(7*pi*x[0])　+ y[7]/pow(7,alpha)*sin(8*pi*x[0])　+ y[8]/pow(8,alpha)*sin(9*pi*x[0])　+ y[9]/pow(9,alpha)*sin(10*pi*x[0])　+ y[10]/pow(10,alpha)*sin(11*pi*x[0]);
                                                                                                                                                                                                                      ^~~~~
                                                                                                                                                                                                                      std::ctype_base::alpha
/Users/naoki/miniconda3/envs/fenicsproject/bin/../include/c++/v1/__locale:471:23: note: 'std::ctype_base::alpha' declared here
    static const mask alpha  = _CTYPE_A;
                      ^
/var/folders/br/kqx4wrcd4yn6zmk5jlrz9r7c0000gn/T/tmplaiiow21/dolfin_expression_e67f179449cfc70c268c0e553d8d70e9.cpp:61:246: error: use of undeclared identifier 'y'
          values[0] = y[0] /pow(1,alpha)*sin(1*pi*x[0])　+ y[1]/pow(1,alpha)*sin(2*pi*x[0])　+ y[2]/pow(2,alpha)*sin(3*pi*x[0])　+ y[3]/pow(3,alpha)*sin(4*pi*x[0])　+ y[4]/pow(4,alpha)*sin(5*pi*x[0])　+ y[5]/pow(5,alpha)*sin(6*pi*x[0])　+ y[6]/pow(6,alpha)*sin(7*pi*x[0])　+ y[7]/pow(7,alpha)*sin(8*pi*x[0])　+ y[8]/pow(8,alpha)*sin(9*pi*x[0])　+ y[9]/pow(9,alpha)*sin(10*pi*x[0])　+ y[10]/pow(10,alpha)*sin(11*pi*x[0]);
                                                                                                                                                                                                                                               ^
/var/folders/br/kqx4wrcd4yn6zmk5jlrz9r7c0000gn/T/tmplaiiow21/dolfin_expression_e67f179449cfc70c268c0e553d8d70e9.cpp:61:257: error: use of undeclared identifier 'alpha'; did you mean 'std::ctype_base::alpha'?
          values[0] = y[0] /pow(1,alpha)*sin(1*pi*x[0])　+ y[1]/pow(1,alpha)*sin(2*pi*x[0])　+ y[2]/pow(2,alpha)*sin(3*pi*x[0])　+ y[3]/pow(3,alpha)*sin(4*pi*x[0])　+ y[4]/pow(4,alpha)*sin(5*pi*x[0])　+ y[5]/pow(5,alpha)*sin(6*pi*x[0])　+ y[6]/pow(6,alpha)*sin(7*pi*x[0])　+ y[7]/pow(7,alpha)*sin(8*pi*x[0])　+ y[8]/pow(8,alpha)*sin(9*pi*x[0])　+ y[9]/pow(9,alpha)*sin(10*pi*x[0])　+ y[10]/pow(10,alpha)*sin(11*pi*x[0]);
                                                                                                                                                                                                                                                          ^~~~~
                                                                                                                                                                                                                                                          std::ctype_base::alpha
/Users/naoki/miniconda3/envs/fenicsproject/bin/../include/c++/v1/__locale:471:23: note: 'std::ctype_base::alpha' declared here
    static const mask alpha  = _CTYPE_A;
                      ^
/var/folders/br/kqx4wrcd4yn6zmk5jlrz9r7c0000gn/T/tmplaiiow21/dolfin_expression_e67f179449cfc70c268c0e553d8d70e9.cpp:61:283: error: use of undeclared identifier 'y'
          values[0] = y[0] /pow(1,alpha)*sin(1*pi*x[0])　+ y[1]/pow(1,alpha)*sin(2*pi*x[0])　+ y[2]/pow(2,alpha)*sin(3*pi*x[0])　+ y[3]/pow(3,alpha)*sin(4*pi*x[0])　+ y[4]/pow(4,alpha)*sin(5*pi*x[0])　+ y[5]/pow(5,alpha)*sin(6*pi*x[0])　+ y[6]/pow(6,alpha)*sin(7*pi*x[0])　+ y[7]/pow(7,alpha)*sin(8*pi*x[0])　+ y[8]/pow(8,alpha)*sin(9*pi*x[0])　+ y[9]/pow(9,alpha)*sin(10*pi*x[0])　+ y[10]/pow(10,alpha)*sin(11*pi*x[0]);
                                                                                                                                                                                                                                                                                   ^
/var/folders/br/kqx4wrcd4yn6zmk5jlrz9r7c0000gn/T/tmplaiiow21/dolfin_expression_e67f179449cfc70c268c0e553d8d70e9.cpp:61:294: error: use of undeclared identifier 'alpha'; did you mean 'std::ctype_base::alpha'?
          values[0] = y[0] /pow(1,alpha)*sin(1*pi*x[0])　+ y[1]/pow(1,alpha)*sin(2*pi*x[0])　+ y[2]/pow(2,alpha)*sin(3*pi*x[0])　+ y[3]/pow(3,alpha)*sin(4*pi*x[0])　+ y[4]/pow(4,alpha)*sin(5*pi*x[0])　+ y[5]/pow(5,alpha)*sin(6*pi*x[0])　+ y[6]/pow(6,alpha)*sin(7*pi*x[0])　+ y[7]/pow(7,alpha)*sin(8*pi*x[0])　+ y[8]/pow(8,alpha)*sin(9*pi*x[0])　+ y[9]/pow(9,alpha)*sin(10*pi*x[0])　+ y[10]/pow(10,alpha)*sin(11*pi*x[0]);
                                                                                                                                                                                                                                                                                              ^~~~~
                                                                                                                                                                                                                                                                                              std::ctype_base::alpha
/Users/naoki/miniconda3/envs/fenicsproject/bin/../include/c++/v1/__locale:471:23: note: 'std::ctype_base::alpha' declared here
    static const mask alpha  = _CTYPE_A;
                      ^
/var/folders/br/kqx4wrcd4yn6zmk5jlrz9r7c0000gn/T/tmplaiiow21/dolfin_expression_e67f179449cfc70c268c0e553d8d70e9.cpp:61:320: error: use of undeclared identifier 'y'
          values[0] = y[0] /pow(1,alpha)*sin(1*pi*x[0])　+ y[1]/pow(1,alpha)*sin(2*pi*x[0])　+ y[2]/pow(2,alpha)*sin(3*pi*x[0])　+ y[3]/pow(3,alpha)*sin(4*pi*x[0])　+ y[4]/pow(4,alpha)*sin(5*pi*x[0])　+ y[5]/pow(5,alpha)*sin(6*pi*x[0])　+ y[6]/pow(6,alpha)*sin(7*pi*x[0])　+ y[7]/pow(7,alpha)*sin(8*pi*x[0])　+ y[8]/pow(8,alpha)*sin(9*pi*x[0])　+ y[9]/pow(9,alpha)*sin(10*pi*x[0])　+ y[10]/pow(10,alpha)*sin(11*pi*x[0]);
                                                                                                                                                                                                                                                                                                                       ^
/var/folders/br/kqx4wrcd4yn6zmk5jlrz9r7c0000gn/T/tmplaiiow21/dolfin_expression_e67f179449cfc70c268c0e553d8d70e9.cpp:61:331: error: use of undeclared identifier 'alpha'; did you mean 'std::ctype_base::alpha'?
          values[0] = y[0] /pow(1,alpha)*sin(1*pi*x[0])　+ y[1]/pow(1,alpha)*sin(2*pi*x[0])　+ y[2]/pow(2,alpha)*sin(3*pi*x[0])　+ y[3]/pow(3,alpha)*sin(4*pi*x[0])　+ y[4]/pow(4,alpha)*sin(5*pi*x[0])　+ y[5]/pow(5,alpha)*sin(6*pi*x[0])　+ y[6]/pow(6,alpha)*sin(7*pi*x[0])　+ y[7]/pow(7,alpha)*sin(8*pi*x[0])　+ y[8]/pow(8,alpha)*sin(9*pi*x[0])　+ y[9]/pow(9,alpha)*sin(10*pi*x[0])　+ y[10]/pow(10,alpha)*sin(11*pi*x[0]);
                                                                                                                                                                                                                                                                                                                                  ^~~~~
                                                                                                                                                                                                                                                                                                                                  std::ctype_base::alpha
/Users/naoki/miniconda3/envs/fenicsproject/bin/../include/c++/v1/__locale:471:23: note: 'std::ctype_base::alpha' declared here
    static const mask alpha  = _CTYPE_A;
                      ^
/var/folders/br/kqx4wrcd4yn6zmk5jlrz9r7c0000gn/T/tmplaiiow21/dolfin_expression_e67f179449cfc70c268c0e553d8d70e9.cpp:61:357: error: use of undeclared identifier 'y'
          values[0] = y[0] /pow(1,alpha)*sin(1*pi*x[0])　+ y[1]/pow(1,alpha)*sin(2*pi*x[0])　+ y[2]/pow(2,alpha)*sin(3*pi*x[0])　+ y[3]/pow(3,alpha)*sin(4*pi*x[0])　+ y[4]/pow(4,alpha)*sin(5*pi*x[0])　+ y[5]/pow(5,alpha)*sin(6*pi*x[0])　+ y[6]/pow(6,alpha)*sin(7*pi*x[0])　+ y[7]/pow(7,alpha)*sin(8*pi*x[0])　+ y[8]/pow(8,alpha)*sin(9*pi*x[0])　+ y[9]/pow(9,alpha)*sin(10*pi*x[0])　+ y[10]/pow(10,alpha)*sin(11*pi*x[0]);
                                                                                                                                                                                                                                                                                                                                                           ^
fatal error: too many errors emitted, stopping now [-ferror-limit=]
10 warnings and 20 errors generated.
